#
# There is insufficient memory for the Java Runtime Environment to continue.
# Native memory allocation (malloc) failed to allocate 845696 bytes for Chunk::new
# Possible reasons:
#   The system is out of physical RAM or swap space
#   The process is running with CompressedOops enabled, and the Java Heap may be blocking the growth of the native heap
# Possible solutions:
#   Reduce memory load on the system
#   Increase physical memory or swap space
#   Check if swap backing store is full
#   Decrease Java heap size (-Xmx/-Xms)
#   Decrease number of Java threads
#   Decrease Java thread stack sizes (-Xss)
#   Set larger code cache with -XX:ReservedCodeCacheSize=
#   JVM is running with Unscaled Compressed Oops mode in which the Java heap is
#     placed in the first 4GB address space. The Java Heap base address is the
#     maximum limit for the native heap growth. Please use -XX:HeapBaseMinAddress
#     to set the Java Heap base and to place the Java Heap above 4GB virtual address.
# This output file may be truncated or incomplete.
#
#  Out of Memory Error (allocation.cpp:389), pid=23716, tid=0x0000000000007eac
#
# JRE version: OpenJDK Runtime Environment (8.0_242-b01) (build 1.8.0_242-release-1644-b01)
# Java VM: OpenJDK 64-Bit Server VM (25.242-b01 mixed mode windows-amd64 compressed oops)
# Failed to write core dump. Minidumps are not enabled by default on client versions of Windows
#

---------------  T H R E A D  ---------------

Current thread (0x0000000019822800):  JavaThread "C2 CompilerThread0" daemon [_thread_in_native, id=32428, stack(0x000000001a0f0000,0x000000001a1f0000)]

Stack: [0x000000001a0f0000,0x000000001a1f0000]
[error occurred during error reporting (printing stack bounds), id 0xc0000005]

Native frames: (J=compiled Java code, j=interpreted, Vv=VM code, C=native code)


Current CompileTask:
C2:  11156 5093       4       sun.reflect.generics.parser.SignatureParser::parsePackageNameAndSimpleClassTypeSignature (139 bytes)


---------------  P R O C E S S  ---------------

Java Threads: ( => current thread )
  0x000000001b064000 JavaThread "Cache worker for Build Output Cleanup Cache (C:\Users\BRAHIM\AndroidStudioProjects\hopeFanc\.gradle\buildOutputCleanup)" [_thread_blocked, id=30772, stack(0x000000002a860000,0x000000002a960000)]
  0x000000001b05c800 JavaThread "jar transforms Thread 92" [_thread_blocked, id=31628, stack(0x000000002a560000,0x000000002a660000)]
  0x000000001b062000 JavaThread "jar transforms Thread 91" [_thread_blocked, id=34716, stack(0x000000002a460000,0x000000002a560000)]
  0x000000001b060800 JavaThread "jar transforms Thread 90" [_thread_blocked, id=15780, stack(0x000000002a360000,0x000000002a460000)]
  0x000000001b062800 JavaThread "jar transforms Thread 89" [_thread_blocked, id=31136, stack(0x000000002a260000,0x000000002a360000)]
  0x000000001b05f800 JavaThread "jar transforms Thread 88" [_thread_blocked, id=27144, stack(0x000000002a160000,0x000000002a260000)]
  0x000000001b061000 JavaThread "jar transforms Thread 87" [_thread_blocked, id=27964, stack(0x000000002a060000,0x000000002a160000)]
  0x000000001b059000 JavaThread "jar transforms Thread 86" [_thread_blocked, id=32548, stack(0x0000000029f60000,0x000000002a060000)]
  0x000000001b05c000 JavaThread "jar transforms Thread 85" [_thread_blocked, id=20800, stack(0x0000000029e60000,0x0000000029f60000)]
  0x000000001b058000 JavaThread "jar transforms Thread 84" [_thread_blocked, id=23760, stack(0x0000000029d60000,0x0000000029e60000)]
  0x000000001b05f000 JavaThread "jar transforms Thread 83" [_thread_blocked, id=31800, stack(0x0000000029c60000,0x0000000029d60000)]
  0x000000001b05d800 JavaThread "jar transforms Thread 82" [_thread_blocked, id=34232, stack(0x0000000029b60000,0x0000000029c60000)]
  0x000000001b05b000 JavaThread "jar transforms Thread 81" [_thread_blocked, id=26332, stack(0x0000000029a60000,0x0000000029b60000)]
  0x000000001b057800 JavaThread "jar transforms Thread 80" [_thread_blocked, id=20724, stack(0x0000000029960000,0x0000000029a60000)]
  0x000000001b059800 JavaThread "jar transforms Thread 79" [_thread_blocked, id=29116, stack(0x0000000029860000,0x0000000029960000)]
  0x000000001b05a800 JavaThread "jar transforms Thread 78" [_thread_blocked, id=31624, stack(0x0000000029760000,0x0000000029860000)]
  0x000000001b05e000 JavaThread "jar transforms Thread 77" [_thread_blocked, id=31564, stack(0x0000000029660000,0x0000000029760000)]
  0x000000001b056000 JavaThread "jar transforms Thread 76" [_thread_blocked, id=34364, stack(0x0000000029560000,0x0000000029660000)]
  0x000000001b056800 JavaThread "jar transforms Thread 75" [_thread_blocked, id=30136, stack(0x0000000029460000,0x0000000029560000)]
  0x0000000019bb6000 JavaThread "jar transforms Thread 74" [_thread_blocked, id=29176, stack(0x0000000029360000,0x0000000029460000)]
  0x0000000019bb4800 JavaThread "jar transforms Thread 73" [_thread_blocked, id=33316, stack(0x0000000029260000,0x0000000029360000)]
  0x0000000019bb1800 JavaThread "jar transforms Thread 72" [_thread_blocked, id=15144, stack(0x0000000029160000,0x0000000029260000)]
  0x0000000019bb0000 JavaThread "jar transforms Thread 71" [_thread_blocked, id=30036, stack(0x0000000029060000,0x0000000029160000)]
  0x0000000019bb4000 JavaThread "jar transforms Thread 70" [_thread_blocked, id=26560, stack(0x0000000028f60000,0x0000000029060000)]
  0x0000000019bb3000 JavaThread "jar transforms Thread 69" [_thread_blocked, id=32640, stack(0x0000000028e60000,0x0000000028f60000)]
  0x0000000019bb2800 JavaThread "jar transforms Thread 68" [_thread_blocked, id=28496, stack(0x0000000028d60000,0x0000000028e60000)]
  0x0000000019bb1000 JavaThread "jar transforms Thread 67" [_thread_blocked, id=31396, stack(0x0000000028c60000,0x0000000028d60000)]
  0x0000000019bb5800 JavaThread "jar transforms Thread 66" [_thread_blocked, id=16784, stack(0x0000000028b60000,0x0000000028c60000)]
  0x0000000019ba8800 JavaThread "jar transforms Thread 65" [_thread_blocked, id=20492, stack(0x0000000028a60000,0x0000000028b60000)]
  0x0000000019baf800 JavaThread "jar transforms Thread 64" [_thread_blocked, id=29416, stack(0x0000000028960000,0x0000000028a60000)]
  0x0000000019bae800 JavaThread "jar transforms Thread 63" [_thread_blocked, id=20496, stack(0x0000000028860000,0x0000000028960000)]
  0x0000000019ba7000 JavaThread "jar transforms Thread 62" [_thread_blocked, id=26688, stack(0x0000000028760000,0x0000000028860000)]
  0x0000000019bac800 JavaThread "jar transforms Thread 61" [_thread_blocked, id=13372, stack(0x0000000028660000,0x0000000028760000)]
  0x0000000019bae000 JavaThread "jar transforms Thread 60" [_thread_blocked, id=32552, stack(0x0000000028560000,0x0000000028660000)]
  0x0000000019bab800 JavaThread "jar transforms Thread 59" [_thread_blocked, id=27196, stack(0x0000000028460000,0x0000000028560000)]
  0x0000000019bad000 JavaThread "jar transforms Thread 58" [_thread_blocked, id=33904, stack(0x0000000028360000,0x0000000028460000)]
  0x0000000019bab000 JavaThread "jar transforms Thread 57" [_thread_blocked, id=25468, stack(0x0000000028260000,0x0000000028360000)]
  0x0000000019ba9800 JavaThread "jar transforms Thread 56" [_thread_blocked, id=8516, stack(0x0000000028160000,0x0000000028260000)]
  0x0000000019ba7800 JavaThread "jar transforms Thread 55" [_thread_blocked, id=10748, stack(0x0000000028060000,0x0000000028160000)]
  0x0000000019baa000 JavaThread "jar transforms Thread 54" [_thread_blocked, id=29880, stack(0x0000000027f60000,0x0000000028060000)]
  0x000000002120c800 JavaThread "jar transforms Thread 53" [_thread_blocked, id=11640, stack(0x0000000027e60000,0x0000000027f60000)]
  0x000000002120c000 JavaThread "jar transforms Thread 52" [_thread_blocked, id=19644, stack(0x0000000027d60000,0x0000000027e60000)]
  0x000000002120f800 JavaThread "jar transforms Thread 51" [_thread_blocked, id=31344, stack(0x0000000027c60000,0x0000000027d60000)]
  0x000000002120f000 JavaThread "jar transforms Thread 50" [_thread_blocked, id=13964, stack(0x0000000027b60000,0x0000000027c60000)]
  0x0000000021209800 JavaThread "jar transforms Thread 49" [_thread_blocked, id=19628, stack(0x0000000027a60000,0x0000000027b60000)]
  0x000000002120d800 JavaThread "jar transforms Thread 48" [_thread_blocked, id=30804, stack(0x0000000027960000,0x0000000027a60000)]
  0x000000002120b000 JavaThread "jar transforms Thread 47" [_thread_blocked, id=22404, stack(0x0000000027860000,0x0000000027960000)]
  0x000000002120a800 JavaThread "jar transforms Thread 46" [_thread_blocked, id=24948, stack(0x0000000027760000,0x0000000027860000)]
  0x000000002120e000 JavaThread "jar transforms Thread 45" [_thread_blocked, id=27508, stack(0x0000000027660000,0x0000000027760000)]
  0x0000000021204800 JavaThread "jar transforms Thread 44" [_thread_blocked, id=19104, stack(0x0000000027560000,0x0000000027660000)]
  0x0000000021202000 JavaThread "jar transforms Thread 43" [_thread_blocked, id=12124, stack(0x0000000027460000,0x0000000027560000)]
  0x0000000021209000 JavaThread "jar transforms Thread 42" [_thread_blocked, id=27716, stack(0x0000000027360000,0x0000000027460000)]
  0x0000000021206800 JavaThread "jar transforms Thread 41" [_thread_blocked, id=7912, stack(0x0000000027260000,0x0000000027360000)]
  0x0000000021208000 JavaThread "jar transforms Thread 40" [_thread_blocked, id=31308, stack(0x0000000027160000,0x0000000027260000)]
  0x0000000021206000 JavaThread "jar transforms Thread 39" [_thread_blocked, id=33340, stack(0x0000000027060000,0x0000000027160000)]
  0x0000000021203800 JavaThread "jar transforms Thread 38" [_thread_blocked, id=20864, stack(0x0000000026f60000,0x0000000027060000)]
  0x0000000021203000 JavaThread "jar transforms Thread 37" [_thread_blocked, id=21056, stack(0x0000000026e60000,0x0000000026f60000)]
  0x0000000021201800 JavaThread "jar transforms Thread 36" [_thread_blocked, id=12392, stack(0x0000000026d60000,0x0000000026e60000)]
  0x0000000021205000 JavaThread "jar transforms Thread 35" [_thread_blocked, id=6376, stack(0x0000000026c60000,0x0000000026d60000)]
  0x0000000021200800 JavaThread "jar transforms Thread 34" [_thread_blocked, id=34656, stack(0x0000000026b60000,0x0000000026c60000)]
  0x0000000021207800 JavaThread "jar transforms Thread 33" [_thread_blocked, id=33000, stack(0x0000000026a60000,0x0000000026b60000)]
  0x000000001ee68000 JavaThread "jar transforms Thread 32" [_thread_blocked, id=18180, stack(0x0000000026960000,0x0000000026a60000)]
  0x000000001ee69800 JavaThread "jar transforms Thread 31" [_thread_blocked, id=22384, stack(0x0000000026860000,0x0000000026960000)]
  0x000000001ee67000 JavaThread "jar transforms Thread 30" [_thread_blocked, id=33492, stack(0x0000000026760000,0x0000000026860000)]
  0x000000001ee66800 JavaThread "jar transforms Thread 29" [_thread_blocked, id=34676, stack(0x0000000026660000,0x0000000026760000)]
  0x000000001ee65800 JavaThread "jar transforms Thread 28" [_thread_blocked, id=17240, stack(0x0000000026560000,0x0000000026660000)]
  0x000000001ee65000 JavaThread "jar transforms Thread 27" [_thread_blocked, id=33308, stack(0x0000000026460000,0x0000000026560000)]
  0x000000001ee68800 JavaThread "jar transforms Thread 26" [_thread_blocked, id=33356, stack(0x0000000026360000,0x0000000026460000)]
  0x000000001ee5d800 JavaThread "jar transforms Thread 25" [_thread_blocked, id=19944, stack(0x0000000026260000,0x0000000026360000)]
  0x000000001ee63800 JavaThread "jar transforms Thread 24" [_thread_blocked, id=22904, stack(0x0000000026160000,0x0000000026260000)]
  0x000000001ee64000 JavaThread "jar transforms Thread 23" [_thread_blocked, id=18148, stack(0x0000000026060000,0x0000000026160000)]
  0x000000001ee5c000 JavaThread "jar transforms Thread 22" [_thread_blocked, id=33396, stack(0x0000000025f60000,0x0000000026060000)]
  0x000000001ee62800 JavaThread "jar transforms Thread 21" [_thread_blocked, id=21204, stack(0x0000000025e60000,0x0000000025f60000)]
  0x000000001ee62000 JavaThread "jar transforms Thread 20" [_thread_blocked, id=33780, stack(0x0000000025d60000,0x0000000025e60000)]
  0x000000001ee61000 JavaThread "jar transforms Thread 19" [_thread_blocked, id=8424, stack(0x0000000025c60000,0x0000000025d60000)]
  0x000000001ee5e000 JavaThread "jar transforms Thread 18" [_thread_blocked, id=19684, stack(0x0000000025b60000,0x0000000025c60000)]
  0x000000001ee5c800 JavaThread "jar transforms Thread 17" [_thread_blocked, id=27612, stack(0x0000000025a60000,0x0000000025b60000)]
  0x000000001ee60800 JavaThread "jar transforms Thread 16" [_thread_blocked, id=33228, stack(0x0000000025960000,0x0000000025a60000)]
  0x000000001ee5f800 JavaThread "jar transforms Thread 15" [_thread_blocked, id=19488, stack(0x0000000025860000,0x0000000025960000)]
  0x000000001ee5f000 JavaThread "jar transforms Thread 14" [_thread_blocked, id=23180, stack(0x0000000024de0000,0x0000000024ee0000)]
  0x000000001ee5b000 JavaThread "jar transforms Thread 13" [_thread_blocked, id=30908, stack(0x00000000243a0000,0x00000000244a0000)]
  0x000000001ee5a800 JavaThread "jar transforms Thread 12" [_thread_blocked, id=31692, stack(0x00000000242a0000,0x00000000243a0000)]
  0x000000001aedf000 JavaThread "jar transforms Thread 11" [_thread_blocked, id=19364, stack(0x0000000025760000,0x0000000025860000)]
  0x000000001aedd000 JavaThread "jar transforms Thread 10" [_thread_blocked, id=720, stack(0x0000000025660000,0x0000000025760000)]
  0x000000001aedc000 JavaThread "jar transforms Thread 9" [_thread_blocked, id=33084, stack(0x0000000025560000,0x0000000025660000)]
  0x000000001aedb800 JavaThread "jar transforms Thread 8" [_thread_blocked, id=14304, stack(0x0000000025460000,0x0000000025560000)]
  0x000000001aede800 JavaThread "jar transforms Thread 7" [_thread_blocked, id=28848, stack(0x0000000025360000,0x0000000025460000)]
  0x000000001aedd800 JavaThread "jar transforms Thread 6" [_thread_blocked, id=32100, stack(0x0000000025260000,0x0000000025360000)]
  0x000000001aeda800 JavaThread "jar transforms Thread 5" [_thread_blocked, id=21128, stack(0x0000000025160000,0x0000000025260000)]
  0x000000001aeda000 JavaThread "jar transforms Thread 4" [_thread_blocked, id=25168, stack(0x0000000025060000,0x0000000025160000)]
  0x000000001aed2800 JavaThread "jar transforms Thread 3" [_thread_blocked, id=25488, stack(0x0000000024f60000,0x0000000025060000)]
  0x000000001aed9000 JavaThread "jar transforms Thread 2" [_thread_blocked, id=23216, stack(0x00000000244c0000,0x00000000245c0000)]
  0x000000001aed8800 JavaThread "Build operations Thread 8" [_thread_blocked, id=30872, stack(0x0000000024ce0000,0x0000000024de0000)]
  0x000000001aed1000 JavaThread "Build operations Thread 7" [_thread_blocked, id=25912, stack(0x0000000024be0000,0x0000000024ce0000)]
  0x000000001aed6000 JavaThread "Build operations Thread 6" [_thread_blocked, id=29148, stack(0x0000000024ae0000,0x0000000024be0000)]
  0x000000001aed7800 JavaThread "Build operations Thread 5" [_thread_blocked, id=33252, stack(0x00000000249e0000,0x0000000024ae0000)]
  0x000000001aed5800 JavaThread "Build operations Thread 4" [_thread_blocked, id=28388, stack(0x00000000248e0000,0x00000000249e0000)]
  0x000000001aed1800 JavaThread "Build operations Thread 3" [_thread_blocked, id=20280, stack(0x00000000247e0000,0x00000000248e0000)]
  0x000000001aed0000 JavaThread "Build operations Thread 2" [_thread_blocked, id=31244, stack(0x00000000246e0000,0x00000000247e0000)]
  0x000000001aed3000 JavaThread "Build operations" [_thread_blocked, id=11564, stack(0x00000000245e0000,0x00000000246e0000)]
  0x000000001c429000 JavaThread "Cache worker for file content cache (C:\Users\BRAHIM\.gradle\caches\6.5\fileContent)" [_thread_blocked, id=26816, stack(0x0000000023ba0000,0x0000000023ca0000)]
  0x000000001c428000 JavaThread "jar transforms" [_thread_blocked, id=25552, stack(0x0000000023aa0000,0x0000000023ba0000)]
  0x000000001c427800 JavaThread "Cache worker for execution history cache (C:\Users\BRAHIM\.gradle\caches\6.5\executionHistory)" [_thread_blocked, id=29300, stack(0x0000000022330000,0x0000000022430000)]
  0x000000001c424800 JavaThread "Cache worker for cache directory md-rule (C:\Users\BRAHIM\.gradle\caches\6.5\md-rule)" [_thread_blocked, id=16572, stack(0x0000000022230000,0x0000000022330000)]
  0x000000001c426800 JavaThread "Cache worker for cache directory md-supplier (C:\Users\BRAHIM\.gradle\caches\6.5\md-supplier)" [_thread_blocked, id=18120, stack(0x0000000020db0000,0x0000000020eb0000)]
  0x000000001c423800 JavaThread "Cache worker for checksums cache (C:\Users\BRAHIM\AndroidStudioProjects\hopeFanc\.gradle\checksums)" [_thread_blocked, id=17468, stack(0x0000000020cb0000,0x0000000020db0000)]
  0x000000001c429800 JavaThread "Cache worker for file hash cache (C:\Users\BRAHIM\AndroidStudioProjects\hopeFanc\.gradle\6.5\fileHashes)" [_thread_blocked, id=30092, stack(0x0000000022130000,0x0000000022230000)]
  0x000000001c426000 JavaThread "Cache worker for file hash cache (C:\Users\BRAHIM\.gradle\caches\6.5\fileHashes)" [_thread_blocked, id=29316, stack(0x000000001e810000,0x000000001e910000)]
  0x000000001c423000 JavaThread "File lock request listener" [_thread_in_native, id=21496, stack(0x000000001e710000,0x000000001e810000)]
  0x000000001c361800 JavaThread "Cache worker for journal cache (C:\Users\BRAHIM\.gradle\caches\journal-1)" [_thread_blocked, id=19228, stack(0x000000001e610000,0x000000001e710000)]
  0x000000001c1f8000 JavaThread "Thread-9" [_thread_blocked, id=3208, stack(0x000000001e310000,0x000000001e410000)]
  0x000000001c1f4000 JavaThread "Stdin handler" [_thread_blocked, id=28160, stack(0x000000001e210000,0x000000001e310000)]
  0x000000001c1f0000 JavaThread "Asynchronous log dispatcher for DefaultDaemonConnection: socket connection from /127.0.0.1:63825 to /127.0.0.1:63826" [_thread_blocked, id=3604, stack(0x000000001e110000,0x000000001e210000)]
  0x000000001c1ec800 JavaThread "Daemon worker" [_thread_in_vm, id=6324, stack(0x000000001e010000,0x000000001e110000)]
  0x000000001c1ec000 JavaThread "Cancel handler" [_thread_blocked, id=30096, stack(0x000000001de10000,0x000000001df10000)]
  0x000000001c226800 JavaThread "Handler for socket connection from /127.0.0.1:63825 to /127.0.0.1:63826" [_thread_in_native, id=26744, stack(0x000000001dd10000,0x000000001de10000)]
  0x000000001c22f800 JavaThread "Daemon" [_thread_blocked, id=19536, stack(0x000000001dc10000,0x000000001dd10000)]
  0x000000001c25c800 JavaThread "Daemon periodic checks" [_thread_blocked, id=28924, stack(0x000000001d910000,0x000000001da10000)]
  0x000000001c25b000 JavaThread "Incoming local TCP Connector on port 63825" [_thread_in_native, id=14032, stack(0x000000001d6d0000,0x000000001d7d0000)]
  0x000000001c165800 JavaThread "Daemon health stats" [_thread_blocked, id=30408, stack(0x000000001d090000,0x000000001d190000)]
  0x00000000198b8800 JavaThread "Service Thread" daemon [_thread_blocked, id=16576, stack(0x000000001a4f0000,0x000000001a5f0000)]
  0x0000000019849800 JavaThread "C1 CompilerThread3" daemon [_thread_blocked, id=34484, stack(0x000000001a3f0000,0x000000001a4f0000)]
  0x000000001982f000 JavaThread "C2 CompilerThread2" daemon [_thread_blocked, id=34044, stack(0x000000001a2f0000,0x000000001a3f0000)]
  0x0000000019827800 JavaThread "C2 CompilerThread1" daemon [_thread_blocked, id=17044, stack(0x000000001a1f0000,0x000000001a2f0000)]
=>0x0000000019822800 JavaThread "C2 CompilerThread0" daemon [_thread_in_native, id=32428, stack(0x000000001a0f0000,0x000000001a1f0000)]
  0x0000000019820000 JavaThread "Attach Listener" daemon [_thread_blocked, id=26408, stack(0x0000000019ff0000,0x000000001a0f0000)]
  0x000000001981f000 JavaThread "Signal Dispatcher" daemon [_thread_blocked, id=29312, stack(0x0000000019ef0000,0x0000000019ff0000)]
  0x00000000029bc800 JavaThread "Finalizer" daemon [_thread_blocked, id=33220, stack(0x0000000019cf0000,0x0000000019df0000)]
  0x0000000019810800 JavaThread "Reference Handler" daemon [_thread_blocked, id=24440, stack(0x0000000019bf0000,0x0000000019cf0000)]
  0x00000000028c2800 JavaThread "main" [_thread_blocked, id=25148, stack(0x0000000002710000,0x0000000002810000)]

Other Threads:
  0x0000000017a28800 VMThread [stack: 0x00000000196f0000,0x00000000197f0000] [id=26136]
  0x00000000198b9800 WatcherThread [stack: 0x000000001a5f0000,0x000000001a6f0000] [id=25560]

VM state:not at safepoint (normal execution)

VM Mutex/Monitor currently owned by a thread: None

heap address: 0x0000000080000000, size: 2048 MB, Compressed Oops mode: 32-bit
Narrow klass base: 0x0000000000000000, Narrow klass shift: 3
Compressed class space size: 1073741824 Address: 0x0000000100000000

Heap:
 PSYoungGen      total 215552K, used 29173K [0x00000000d5580000, 0x00000000e4a80000, 0x0000000100000000)
  eden space 203776K, 8% used [0x00000000d5580000,0x00000000d6684258,0x00000000e1c80000)
  from space 11776K, 99% used [0x00000000e1c80000,0x00000000e27f9310,0x00000000e2800000)
  to   space 18944K, 0% used [0x00000000e3800000,0x00000000e3800000,0x00000000e4a80000)
 ParOldGen       total 135680K, used 30040K [0x0000000080000000, 0x0000000088480000, 0x00000000d5580000)
  object space 135680K, 22% used [0x0000000080000000,0x0000000081d56378,0x0000000088480000)
 Metaspace       used 55542K, capacity 57936K, committed 58024K, reserved 1099776K
  class space    used 7568K, capacity 8095K, committed 8112K, reserved 1048576K

Card table byte_map: [0x0000000011d80000,0x0000000012190000] byte_map_base: 0x0000000011980000

Marking Bits: (ParMarkBitMap*) 0x0000000072f1f030
 Begin Bits: [0x0000000012c40000, 0x0000000014c40000)
 End Bits:   [0x0000000014c40000, 0x0000000016c40000)

Polling page: 0x0000000002680000

CodeCache: size=245760Kb used=15735Kb max_used=15748Kb free=230024Kb
 bounds [0x00000000029c0000, 0x0000000003930000, 0x00000000119c0000]
 total_blobs=5424 nmethods=4659 adapters=678
 compilation: enabled

Compilation events (10 events):
Event: 11.143 Thread 0x0000000019827800 nmethod 5140 0x0000000003922650 code [0x00000000039227e0, 0x0000000003923378]
Event: 11.146 Thread 0x000000001982f000 5145       4       java.util.jar.Manifest::getTrustedAttributes (57 bytes)
Event: 11.146 Thread 0x0000000019849800 nmethod 5143 0x0000000003923e90 code [0x0000000003924420, 0x0000000003928398]
Event: 11.146 Thread 0x0000000019849800 5144       3       com.google.common.collect.AbstractSetMultimap::<init> (6 bytes)
Event: 11.147 Thread 0x0000000019849800 nmethod 5144 0x000000000391e990 code [0x000000000391eb40, 0x000000000391efd8]
Event: 11.152 Thread 0x0000000019849800 5146       3       sun.misc.ProxyGenerator$ProxyMethod::<init> (64 bytes)
Event: 11.152 Thread 0x0000000019827800 5147       4       sun.misc.ProxyGenerator$ConstantPool$Entry::<init> (5 bytes)
Event: 11.152 Thread 0x0000000019827800 nmethod 5147 0x0000000003918190 code [0x00000000039182c0, 0x0000000003918318]
Event: 11.152 Thread 0x0000000019849800 nmethod 5146 0x000000000391dad0 code [0x000000000391dca0, 0x000000000391e548]
Event: 11.153 Thread 0x000000001982f000 nmethod 5145 0x000000000392c010 code [0x000000000392c180, 0x000000000392c748]

GC Heap History (10 events):
Event: 7.029 GC heap before
{Heap before GC invocations=7 (full 1):
 PSYoungGen      total 76288K, used 73789K [0x00000000d5580000, 0x00000000ddc00000, 0x0000000100000000)
  eden space 65536K, 100% used [0x00000000d5580000,0x00000000d9580000,0x00000000d9580000)
  from space 10752K, 76% used [0x00000000d9580000,0x00000000d9d8f458,0x00000000da000000)
  to   space 11776K, 0% used [0x00000000dd080000,0x00000000dd080000,0x00000000ddc00000)
 ParOldGen       total 89088K, used 7215K [0x0000000080000000, 0x0000000085700000, 0x00000000d5580000)
  object space 89088K, 8% used [0x0000000080000000,0x000000008070bcb0,0x0000000085700000)
 Metaspace       used 32790K, capacity 33866K, committed 33968K, reserved 1079296K
  class space    used 4480K, capacity 4751K, committed 4784K, reserved 1048576K
Event: 7.038 GC heap after
Heap after GC invocations=7 (full 1):
 PSYoungGen      total 125952K, used 9239K [0x00000000d5580000, 0x00000000ddc00000, 0x0000000100000000)
  eden space 114176K, 0% used [0x00000000d5580000,0x00000000d5580000,0x00000000dc500000)
  from space 11776K, 78% used [0x00000000dd080000,0x00000000dd985c80,0x00000000ddc00000)
  to   space 11776K, 0% used [0x00000000dc500000,0x00000000dc500000,0x00000000dd080000)
 ParOldGen       total 89088K, used 7223K [0x0000000080000000, 0x0000000085700000, 0x00000000d5580000)
  object space 89088K, 8% used [0x0000000080000000,0x000000008070dcb0,0x0000000085700000)
 Metaspace       used 32790K, capacity 33866K, committed 33968K, reserved 1079296K
  class space    used 4480K, capacity 4751K, committed 4784K, reserved 1048576K
}
Event: 7.248 GC heap before
{Heap before GC invocations=8 (full 1):
 PSYoungGen      total 125952K, used 39649K [0x00000000d5580000, 0x00000000ddc00000, 0x0000000100000000)
  eden space 114176K, 26% used [0x00000000d5580000,0x00000000d73329f8,0x00000000dc500000)
  from space 11776K, 78% used [0x00000000dd080000,0x00000000dd985c80,0x00000000ddc00000)
  to   space 11776K, 0% used [0x00000000dc500000,0x00000000dc500000,0x00000000dd080000)
 ParOldGen       total 89088K, used 7223K [0x0000000080000000, 0x0000000085700000, 0x00000000d5580000)
  object space 89088K, 8% used [0x0000000080000000,0x000000008070dcb0,0x0000000085700000)
 Metaspace       used 34240K, capacity 35412K, committed 35496K, reserved 1079296K
  class space    used 4713K, capacity 5001K, committed 5040K, reserved 1048576K
Event: 7.256 GC heap after
Heap after GC invocations=8 (full 1):
 PSYoungGen      total 125952K, used 8046K [0x00000000d5580000, 0x00000000e3580000, 0x0000000100000000)
  eden space 114176K, 0% used [0x00000000d5580000,0x00000000d5580000,0x00000000dc500000)
  from space 11776K, 68% used [0x00000000dc500000,0x00000000dccdba28,0x00000000dd080000)
  to   space 11776K, 0% used [0x00000000e2a00000,0x00000000e2a00000,0x00000000e3580000)
 ParOldGen       total 89088K, used 7231K [0x0000000080000000, 0x0000000085700000, 0x00000000d5580000)
  object space 89088K, 8% used [0x0000000080000000,0x000000008070fcb0,0x0000000085700000)
 Metaspace       used 34240K, capacity 35412K, committed 35496K, reserved 1079296K
  class space    used 4713K, capacity 5001K, committed 5040K, reserved 1048576K
}
Event: 7.256 GC heap before
{Heap before GC invocations=9 (full 2):
 PSYoungGen      total 125952K, used 8046K [0x00000000d5580000, 0x00000000e3580000, 0x0000000100000000)
  eden space 114176K, 0% used [0x00000000d5580000,0x00000000d5580000,0x00000000dc500000)
  from space 11776K, 68% used [0x00000000dc500000,0x00000000dccdba28,0x00000000dd080000)
  to   space 11776K, 0% used [0x00000000e2a00000,0x00000000e2a00000,0x00000000e3580000)
 ParOldGen       total 89088K, used 7231K [0x0000000080000000, 0x0000000085700000, 0x00000000d5580000)
  object space 89088K, 8% used [0x0000000080000000,0x000000008070fcb0,0x0000000085700000)
 Metaspace       used 34240K, capacity 35412K, committed 35496K, reserved 1079296K
  class space    used 4713K, capacity 5001K, committed 5040K, reserved 1048576K
Event: 7.317 GC heap after
Heap after GC invocations=9 (full 2):
 PSYoungGen      total 125952K, used 0K [0x00000000d5580000, 0x00000000e3580000, 0x0000000100000000)
  eden space 114176K, 0% used [0x00000000d5580000,0x00000000d5580000,0x00000000dc500000)
  from space 11776K, 0% used [0x00000000dc500000,0x00000000dc500000,0x00000000dd080000)
  to   space 11776K, 0% used [0x00000000e2a00000,0x00000000e2a00000,0x00000000e3580000)
 ParOldGen       total 135680K, used 14407K [0x0000000080000000, 0x0000000088480000, 0x00000000d5580000)
  object space 135680K, 10% used [0x0000000080000000,0x0000000080e11da8,0x0000000088480000)
 Metaspace       used 34240K, capacity 35412K, committed 35496K, reserved 1079296K
  class space    used 4713K, capacity 5001K, committed 5040K, reserved 1048576K
}
Event: 8.687 GC heap before
{Heap before GC invocations=10 (full 2):
 PSYoungGen      total 125952K, used 114176K [0x00000000d5580000, 0x00000000e3580000, 0x0000000100000000)
  eden space 114176K, 100% used [0x00000000d5580000,0x00000000dc500000,0x00000000dc500000)
  from space 11776K, 0% used [0x00000000dc500000,0x00000000dc500000,0x00000000dd080000)
  to   space 11776K, 0% used [0x00000000e2a00000,0x00000000e2a00000,0x00000000e3580000)
 ParOldGen       total 135680K, used 14407K [0x0000000080000000, 0x0000000088480000, 0x00000000d5580000)
  object space 135680K, 10% used [0x0000000080000000,0x0000000080e11da8,0x0000000088480000)
 Metaspace       used 38275K, capacity 39988K, committed 40232K, reserved 1083392K
  class space    used 5280K, capacity 5622K, committed 5680K, reserved 1048576K
Event: 8.696 GC heap after
Heap after GC invocations=10 (full 2):
 PSYoungGen      total 178176K, used 9622K [0x00000000d5580000, 0x00000000e3380000, 0x0000000100000000)
  eden space 168448K, 0% used [0x00000000d5580000,0x00000000d5580000,0x00000000dfa00000)
  from space 9728K, 98% used [0x00000000e2a00000,0x00000000e3365a68,0x00000000e3380000)
  to   space 11776K, 0% used [0x00000000e1c80000,0x00000000e1c80000,0x00000000e2800000)
 ParOldGen       total 135680K, used 14415K [0x0000000080000000, 0x0000000088480000, 0x00000000d5580000)
  object space 135680K, 10% used [0x0000000080000000,0x0000000080e13da8,0x0000000088480000)
 Metaspace       used 38275K, capacity 39988K, committed 40232K, reserved 1083392K
  class space    used 5280K, capacity 5622K, committed 5680K, reserved 1048576K
}
Event: 10.990 GC heap before
{Heap before GC invocations=11 (full 2):
 PSYoungGen      total 178176K, used 178070K [0x00000000d5580000, 0x00000000e3380000, 0x0000000100000000)
  eden space 168448K, 100% used [0x00000000d5580000,0x00000000dfa00000,0x00000000dfa00000)
  from space 9728K, 98% used [0x00000000e2a00000,0x00000000e3365a68,0x00000000e3380000)
  to   space 11776K, 0% used [0x00000000e1c80000,0x00000000e1c80000,0x00000000e2800000)
 ParOldGen       total 135680K, used 14415K [0x0000000080000000, 0x0000000088480000, 0x00000000d5580000)
  object space 135680K, 10% used [0x0000000080000000,0x0000000080e13da8,0x0000000088480000)
 Metaspace       used 54569K, capacity 56854K, committed 57128K, reserved 1097728K
  class space    used 7432K, capacity 7918K, committed 7984K, reserved 1048576K
Event: 11.009 GC heap after
Heap after GC invocations=11 (full 2):
 PSYoungGen      total 215552K, used 11748K [0x00000000d5580000, 0x00000000e4a80000, 0x0000000100000000)
  eden space 203776K, 0% used [0x00000000d5580000,0x00000000d5580000,0x00000000e1c80000)
  from space 11776K, 99% used [0x00000000e1c80000,0x00000000e27f9310,0x00000000e2800000)
  to   space 18944K, 0% used [0x00000000e3800000,0x00000000e3800000,0x00000000e4a80000)
 ParOldGen       total 135680K, used 30040K [0x0000000080000000, 0x0000000088480000, 0x00000000d5580000)
  object space 135680K, 22% used [0x0000000080000000,0x0000000081d56378,0x0000000088480000)
 Metaspace       used 54569K, capacity 56854K, committed 57128K, reserved 1097728K
  class space    used 7432K, capacity 7918K, committed 7984K, reserved 1048576K
}

Deoptimization events (10 events):
Event: 9.625 Thread 0x000000001c1ec800 Uncommon trap: reason=bimorphic action=maybe_recompile pc=0x00000000035e5738 method=java.util.regex.Pattern$CharProperty.match(Ljava/util/regex/Matcher;ILjava/lang/CharSequence;)Z @ 18
Event: 9.625 Thread 0x000000001c1ec800 Uncommon trap: reason=bimorphic action=maybe_recompile pc=0x00000000035e5738 method=java.util.regex.Pattern$CharProperty.match(Ljava/util/regex/Matcher;ILjava/lang/CharSequence;)Z @ 18
Event: 9.641 Thread 0x000000001c1ec800 Uncommon trap: reason=bimorphic action=maybe_recompile pc=0x00000000035e5738 method=java.util.regex.Pattern$CharProperty.match(Ljava/util/regex/Matcher;ILjava/lang/CharSequence;)Z @ 18
Event: 9.788 Thread 0x000000001c1ec800 Uncommon trap: reason=unstable_if action=reinterpret pc=0x0000000003404e70 method=org.gradle.internal.reflect.PropertyAccessorType.of(Ljava/lang/reflect/Method;)Lorg/gradle/internal/reflect/PropertyAccessorType; @ 56
Event: 10.116 Thread 0x000000001c1ec800 Uncommon trap: reason=unstable_if action=reinterpret pc=0x00000000037e4374 method=com.sun.org.apache.xerces.internal.impl.XMLEntityScanner.checkBeforeLoad(Lcom/sun/xml/internal/stream/Entity$ScannedEntity;II)I @ 18
Event: 10.182 Thread 0x000000001c1ec800 Uncommon trap: reason=unstable_if action=reinterpret pc=0x0000000002ce3530 method=org.gradle.internal.instantiation.generator.AbstractClassGenerator$InjectionAnnotationValidator.validateMethod(Ljava/lang/reflect/Method;Lorg/gradle/internal/reflect/Propert
Event: 10.182 Thread 0x000000001c1ec800 Uncommon trap: reason=unstable_if action=reinterpret pc=0x0000000002c0fb7c method=org.gradle.internal.instantiation.generator.AbstractClassGenerator$InjectionAnnotationValidator.validateMethod(Ljava/lang/reflect/Method;Lorg/gradle/internal/reflect/Propert
Event: 10.252 Thread 0x000000001c1ec800 Uncommon trap: reason=null_check action=make_not_entrant pc=0x0000000003199790 method=java.lang.Class.searchMethods([Ljava/lang/reflect/Method;Ljava/lang/String;[Ljava/lang/Class;)Ljava/lang/reflect/Method; @ 59
Event: 10.910 Thread 0x000000001c1ec800 Uncommon trap: reason=unstable_if action=reinterpret pc=0x0000000002c9ba1c method=sun.misc.MetaIndex.mayContain(Ljava/lang/String;)Z @ 38
Event: 10.912 Thread 0x000000001c1ec800 Uncommon trap: reason=unstable_if action=reinterpret pc=0x000000000341680c method=java.security.CodeSource.hashCode()I @ 4

Classes redefined (0 events):
No events

Internal exceptions (10 events):
Event: 10.352 Thread 0x000000001c1ec800 Exception <a 'java/lang/ClassNotFoundException': com/android/build/gradle/internal/CompileOptionsBeanInfo> (0x00000000dd72d880) thrown at [C:\src\AOSP-openjdk-git\hotspot\src\share\vm\classfile\systemDictionary.cpp, line 210]
Event: 10.353 Thread 0x000000001c1ec800 Exception <a 'java/lang/ClassNotFoundException': com/android/build/gradle/internal/CompileOptionsCustomizer> (0x00000000dd748cb8) thrown at [C:\src\AOSP-openjdk-git\hotspot\src\share\vm\classfile\systemDictionary.cpp, line 210]
Event: 10.354 Thread 0x000000001c1ec800 Exception <a 'java/lang/ClassNotFoundException': com/android/build/gradle/internal/CompileOptions_DecoratedCustomizer> (0x00000000dd779300) thrown at [C:\src\AOSP-openjdk-git\hotspot\src\share\vm\classfile\systemDictionary.cpp, line 210]
Event: 10.912 Thread 0x000000001c1ec800 Implicit null exception at 0x0000000003416515 to 0x00000000034167fd
Event: 11.091 Thread 0x000000001c1ec800 Exception <a 'java/lang/ClassNotFoundException': com/android/build/gradle/internal/api/ApkVariantOutputImpl_DecoratedBeanInfo> (0x00000000d5d45ad8) thrown at [C:\src\AOSP-openjdk-git\hotspot\src\share\vm\classfile\systemDictionary.cpp, line 210]
Event: 11.091 Thread 0x000000001c1ec800 Exception <a 'java/lang/ClassNotFoundException': com/android/build/gradle/internal/api/ApkVariantOutputImplBeanInfo> (0x00000000d5d62d08) thrown at [C:\src\AOSP-openjdk-git\hotspot\src\share\vm\classfile\systemDictionary.cpp, line 210]
Event: 11.092 Thread 0x000000001c1ec800 Exception <a 'java/lang/ClassNotFoundException': com/android/build/gradle/internal/api/BaseVariantOutputImplBeanInfo> (0x00000000d5d81140) thrown at [C:\src\AOSP-openjdk-git\hotspot\src\share\vm\classfile\systemDictionary.cpp, line 210]
Event: 11.092 Thread 0x000000001c1ec800 Exception <a 'java/lang/ClassNotFoundException': com/android/build/gradle/internal/api/BaseVariantOutputImplCustomizer> (0x00000000d5d9fad8) thrown at [C:\src\AOSP-openjdk-git\hotspot\src\share\vm\classfile\systemDictionary.cpp, line 210]
Event: 11.093 Thread 0x000000001c1ec800 Exception <a 'java/lang/ClassNotFoundException': com/android/build/gradle/internal/api/ApkVariantOutputImplCustomizer> (0x00000000d5dd8280) thrown at [C:\src\AOSP-openjdk-git\hotspot\src\share\vm\classfile\systemDictionary.cpp, line 210]
Event: 11.094 Thread 0x000000001c1ec800 Exception <a 'java/lang/ClassNotFoundException': com/android/build/gradle/internal/api/ApkVariantOutputImpl_DecoratedCustomizer> (0x00000000d5e0c020) thrown at [C:\src\AOSP-openjdk-git\hotspot\src\share\vm\classfile\systemDictionary.cpp, line 210]

Events (10 events):
Event: 11.147 loading class org/gradle/api/tasks/compile/CompileOptions
Event: 11.147 loading class org/gradle/api/tasks/compile/CompileOptions done
Event: 11.148 loading class org/gradle/api/tasks/compile/AbstractOptions
Event: 11.148 loading class org/gradle/api/tasks/compile/AbstractOptions done
Event: 11.148 loading class org/gradle/api/internal/tasks/compile/incremental/recomp/JavaRecompilationSpecProvider
Event: 11.148 loading class org/gradle/api/internal/tasks/compile/incremental/recomp/JavaRecompilationSpecProvider done
Event: 11.149 loading class org/gradle/api/internal/tasks/compile/incremental/recomp/AbstractRecompilationSpecProvider
Event: 11.149 loading class org/gradle/api/internal/tasks/compile/incremental/recomp/AbstractRecompilationSpecProvider done
Event: 11.152 loading class sun/misc/ProxyGenerator$1
Event: 11.152 loading class sun/misc/ProxyGenerator$1 done


Dynamic libraries:
0x00007ff62adc0000 - 0x00007ff62adf1000 	C:\Program Files\Android\android st\jre\bin\java.exe
0x00007ff87f7b0000 - 0x00007ff87f9a6000 	C:\Windows\SYSTEM32\ntdll.dll
0x00007ff872760000 - 0x00007ff872772000 	C:\Program Files\Avast Software\Avast\aswhook.dll
0x00007ff87e420000 - 0x00007ff87e4dd000 	C:\Windows\System32\KERNEL32.DLL
0x00007ff87d540000 - 0x00007ff87d809000 	C:\Windows\System32\KERNELBASE.dll
0x00007ff87a740000 - 0x00007ff87a7d0000 	C:\Windows\SYSTEM32\apphelp.dll
0x00007ff87dc00000 - 0x00007ff87dcac000 	C:\Windows\System32\ADVAPI32.dll
0x00007ff87f3f0000 - 0x00007ff87f48e000 	C:\Windows\System32\msvcrt.dll
0x00007ff87f290000 - 0x00007ff87f32c000 	C:\Windows\System32\sechost.dll
0x00007ff87f490000 - 0x00007ff87f5bb000 	C:\Windows\System32\RPCRT4.dll
0x00007ff87d980000 - 0x00007ff87db20000 	C:\Windows\System32\USER32.dll
0x00007ff87cfa0000 - 0x00007ff87cfc2000 	C:\Windows\System32\win32u.dll
0x00007ff87f200000 - 0x00007ff87f22a000 	C:\Windows\System32\GDI32.dll
0x00007ff87cfd0000 - 0x00007ff87d0db000 	C:\Windows\System32\gdi32full.dll
0x00007ff87d4a0000 - 0x00007ff87d53d000 	C:\Windows\System32\msvcp_win.dll
0x00007ff87d110000 - 0x00007ff87d210000 	C:\Windows\System32\ucrtbase.dll
0x00007ff85b6a0000 - 0x00007ff85b93b000 	C:\Windows\WinSxS\amd64_microsoft.windows.common-controls_6595b64144ccf1df_6.0.19041.746_none_ca02b4b61b8320a4\COMCTL32.dll
0x00007ff87dbc0000 - 0x00007ff87dbf0000 	C:\Windows\System32\IMM32.DLL
0x0000000071ef0000 - 0x0000000071fc2000 	C:\Program Files\Android\android st\jre\jre\bin\msvcr100.dll
0x0000000072750000 - 0x0000000072f9b000 	C:\Program Files\Android\android st\jre\jre\bin\server\jvm.dll
0x00007ff87dcb0000 - 0x00007ff87dcb8000 	C:\Windows\System32\PSAPI.DLL
0x00007ff8734a0000 - 0x00007ff8734a9000 	C:\Windows\SYSTEM32\WSOCK32.dll
0x00007ff87e950000 - 0x00007ff87e9bb000 	C:\Windows\System32\WS2_32.dll
0x00007ff874110000 - 0x00007ff874137000 	C:\Windows\SYSTEM32\WINMM.dll
0x00007ff878240000 - 0x00007ff87824a000 	C:\Windows\SYSTEM32\VERSION.dll
0x00007ff870000000 - 0x00007ff87000f000 	C:\Program Files\Android\android st\jre\jre\bin\verify.dll
0x00007ff82daf0000 - 0x00007ff82db19000 	C:\Program Files\Android\android st\jre\jre\bin\java.dll
0x00007ff84a670000 - 0x00007ff84a686000 	C:\Program Files\Android\android st\jre\jre\bin\zip.dll
0x00007ff87ea20000 - 0x00007ff87f162000 	C:\Windows\System32\SHELL32.dll
0x00007ff87b010000 - 0x00007ff87b7a0000 	C:\Windows\SYSTEM32\windows.storage.dll
0x00007ff87e0c0000 - 0x00007ff87e416000 	C:\Windows\System32\combase.dll
0x00007ff87c950000 - 0x00007ff87c97c000 	C:\Windows\SYSTEM32\Wldp.dll
0x00007ff87d8c0000 - 0x00007ff87d96e000 	C:\Windows\System32\SHCORE.dll
0x00007ff87f230000 - 0x00007ff87f285000 	C:\Windows\System32\shlwapi.dll
0x00007ff87ce20000 - 0x00007ff87ce46000 	C:\Windows\SYSTEM32\profapi.dll
0x00007ff8330c0000 - 0x00007ff8330da000 	C:\Program Files\Android\android st\jre\jre\bin\net.dll
0x00007ff87c6d0000 - 0x00007ff87c73a000 	C:\Windows\system32\mswsock.dll
0x00007ff827f10000 - 0x00007ff827f23000 	C:\Program Files\Android\android st\jre\jre\bin\nio.dll
0x00007ff8260b0000 - 0x00007ff8260d7000 	C:\Users\BRAHIM\.gradle\native\f6784746aeab05261644944871eae4fe03e0ef1612fff0a4a95f87b438bc6780\windows-amd64\native-platform.dll
0x00007ff8441e0000 - 0x00007ff8441ed000 	C:\Program Files\Android\android st\jre\jre\bin\management.dll
0x00007ff87c8b0000 - 0x00007ff87c8c8000 	C:\Windows\SYSTEM32\CRYPTSP.dll
0x00007ff87bfa0000 - 0x00007ff87bfd4000 	C:\Windows\system32\rsaenh.dll
0x00007ff87d0e0000 - 0x00007ff87d107000 	C:\Windows\System32\bcrypt.dll
0x00007ff87cde0000 - 0x00007ff87ce0e000 	C:\Windows\SYSTEM32\USERENV.dll
0x00007ff87d210000 - 0x00007ff87d290000 	C:\Windows\System32\bcryptprimitives.dll
0x00007ff87c8a0000 - 0x00007ff87c8ac000 	C:\Windows\SYSTEM32\CRYPTBASE.dll
0x00007ff87c370000 - 0x00007ff87c3ab000 	C:\Windows\SYSTEM32\IPHLPAPI.DLL
0x00007ff87d970000 - 0x00007ff87d978000 	C:\Windows\System32\NSI.dll
0x00007ff877fc0000 - 0x00007ff877fd7000 	C:\Windows\SYSTEM32\dhcpcsvc6.DLL
0x00007ff877c20000 - 0x00007ff877c3d000 	C:\Windows\SYSTEM32\dhcpcsvc.DLL
0x00007ff87c3c0000 - 0x00007ff87c48b000 	C:\Windows\SYSTEM32\DNSAPI.dll
0x00007ff878140000 - 0x00007ff87814b000 	C:\Windows\SYSTEM32\WINNSI.DLL

VM Arguments:
jvm_args: -Xmx2048m -Dfile.encoding=UTF-8 -Duser.country=CA -Duser.language=en -Duser.variant 
java_command: org.gradle.launcher.daemon.bootstrap.GradleDaemon 6.5
java_class_path (initial): C:\Users\BRAHIM\.gradle\wrapper\dists\gradle-6.5-bin\6nifqtx7604sqp1q6g8wikw7p\gradle-6.5\lib\gradle-launcher-6.5.jar
Launcher Type: SUN_STANDARD

Environment Variables:
PATH=C:\Program Files (x86)\Common Files\Oracle\Java\javapath;C:\Program Files\Python39\Scripts\;C:\Program Files\Python39\;C:\app\BRAHIM\product\12.1.0\dbhome_2\bin;C:\app\BRAHIM\product\12.1.0\dbhome_1\bin;C:\Program Files\AdoptOpenJDK\jdk-11.0.8.10-hotspot\bin;C:\Windows\system32;C:\Windows;C:\Windows\System32\Wbem;C:\Windows\System32\WindowsPowerShell\v1.0\;C:\Windows\System32\OpenSSH\;C:\Program Files (x86)\NVIDIA Corporation\PhysX\Common;C:\Program Files\NVIDIA Corporation\NVIDIA NvDLISR;C:\Program Files\nodejs\;C:\Program Files\Git\cmd;C:\Users\BRAHIM\AppData\Local\Android\Sdk;C:\flutter\bin;C:\Program Files (x86)\Microsoft SQL Server\150\DTS\Binn\;C:\Program Files\Azure Data Studio\bin;C:\Program Files\Microsoft SQL Server\Client SDK\ODBC\170\Tools\Binn\;C:\Program Files (x86)\Microsoft SQL Server\150\Tools\Binn\;C:\Program Files\Microsoft SQL Server\150\Tools\Binn\;C:\Program Files\Microsoft SQL Server\150\DTS\Binn\;C:\Program Files\MySQL\MySQL Shell 8.0\bin\;C:\Users\BRAHIM\anaconda3;C:\Users\BRAHIM\anaconda3\Library\mingw-w64\bin;C:\Users\BRAHIM\anaconda3\Library\usr\bin;C:\Users\BRAHIM\anaconda3\Library\bin;C:\Users\BRAHIM\anaconda3\Scripts;C:\Users\BRAHIM\AppData\Local\Microsoft\WindowsApps;C:\Program Files\JetBrains\PyCharm Community Edition 2020.2.3\bin;C:\Users\BRAHIM\AppData\Local\Programs\Microsoft VS Code\bin;C:\Users\BRAHIM\AppData\Roaming\npm;C:\Users\BRAHIM\AppData\Local\GitHubDesktop\bin;C:\intellij20251\IntelliJ IDEA Community Edition 2020.3.2\bin;C:\Program Files\Java\jdk1.8.0_281;C:\Program Files\JetBrains\PyCharm 2020.3.3\bin;
USERNAME=BRAHIM
OS=Windows_NT
PROCESSOR_IDENTIFIER=Intel64 Family 6 Model 58 Stepping 9, GenuineIntel



---------------  S Y S T E M  ---------------

OS: Windows 10.0 , 64 bit Build 19041 (10.0.19041.804)

CPU:total 8 (initial active 8) (4 cores per cpu, 2 threads per core) family 6 model 58 stepping 9, cmov, cx8, fxsr, mmx, sse, sse2, sse3, ssse3, sse4.1, sse4.2, popcnt, avx, aes, clmul, erms, ht, tsc, tscinvbit, tscinv

Memory: 4k page, physical 16730560k(280744k free), swap 45962856k(5468k free)

vm_info: OpenJDK 64-Bit Server VM (25.242-b01) for windows-amd64 JRE (1.8.0_242-release-1644-b01), built by "builder" with MS VC++ 10.0 (VS2010)

time: Thu Feb 18 05:48:53 2021
timezone: Pacific Standard Time
elapsed time: 11 seconds (0d 0h 0m 11s)

